# JRE version: OpenJDK Runtime Environment Temurin-21.0.10+7 (21.0.10+7) (build 21.0.10+7-LTS)
# Java VM: OpenJDK 64-Bit Server VM Temurin-21.0.10+7 (21.0.10+7-LTS, mixed mode, sharing, tiered, compressed oops, compressed class ptrs, parallel gc, windows-amd64)
GC Precious Log:
 CardTable entry size: 512
 CPUs: 8 total, 8 available
 Memory: 7876M
 Large Page Support: Disabled
 NUMA Support: Disabled
 Compressed Oops: Enabled (32-bit)
 Alignments: Space 512K, Generation 512K, Heap 2M
 Heap Min Capacity: 100M
 Heap Initial Capacity: 100M
 Heap Max Capacity: 2G
 Pre-touch: Disabled
 Parallel Workers: 8
Heap:
 PSYoungGen      total 11264K, used 1020K [0x00000000d5580000, 0x00000000d6500000, 0x0000000100000000)
  eden space 7680K, 8% used [0x00000000d5580000,0x00000000d561b100,0x00000000d5d00000)
  from space 3584K, 11% used [0x00000000d5f00000,0x00000000d5f64030,0x00000000d6280000)
  to   space 1536K, 0% used [0x00000000d6380000,0x00000000d6380000,0x00000000d6500000)
 ParOldGen       total 893440K, used 250809K [0x0000000080000000, 0x00000000b6880000, 0x00000000d5580000)
  object space 893440K, 28% used [0x0000000080000000,0x000000008f4ee7b0,0x00000000b6880000)
 Metaspace       used 86589K, committed 88448K, reserved 1179648K
  class space    used 9149K, committed 9920K, reserved 1048576K
GC Heap History (20 events):
Event: 119.102 GC heap before
{Heap before GC invocations=1312 (full 4):
 PSYoungGen      total 8192K, used 8160K [0x00000000d5580000, 0x00000000d5f00000, 0x0000000100000000)
  eden space 7680K, 99% used [0x00000000d5580000,0x00000000d5cff390,0x00000000d5d00000)
  from space 512K, 94% used [0x00000000d5d80000,0x00000000d5df8d40,0x00000000d5e00000)
  to   space 1024K, 0% used [0x00000000d5e00000,0x00000000d5e00000,0x00000000d5f00000)
 ParOldGen       total 893440K, used 240999K [0x0000000080000000, 0x00000000b6880000, 0x00000000d5580000)
  object space 893440K, 26% used [0x0000000080000000,0x000000008eb59f60,0x00000000b6880000)
 Metaspace       used 85964K, committed 87872K, reserved 1179648K
  class space    used 9086K, committed 9856K, reserved 1048576K
}
Event: 119.104 GC heap after
{Heap after GC invocations=1312 (full 4):
 PSYoungGen      total 8704K, used 436K [0x00000000d5580000, 0x00000000d5f00000, 0x0000000100000000)
  eden space 7680K, 0% used [0x00000000d5580000,0x00000000d5580000,0x00000000d5d00000)
  from space 1024K, 42% used [0x00000000d5e00000,0x00000000d5e6d200,0x00000000d5f00000)
  to   space 1024K, 0% used [0x00000000d5d00000,0x00000000d5d00000,0x00000000d5e00000)
 ParOldGen       total 893440K, used 241191K [0x0000000080000000, 0x00000000b6880000, 0x00000000d5580000)
  object space 893440K, 26% used [0x0000000080000000,0x000000008eb89f60,0x00000000b6880000)
 Metaspace       used 85964K, committed 87872K, reserved 1179648K
  class space    used 9086K, committed 9856K, reserved 1048576K
}
Event: 119.123 GC heap before
{Heap before GC invocations=1313 (full 4):
 PSYoungGen      total 8704K, used 8116K [0x00000000d5580000, 0x00000000d5f00000, 0x0000000100000000)
  eden space 7680K, 99% used [0x00000000d5580000,0x00000000d5cfffb0,0x00000000d5d00000)
  from space 1024K, 42% used [0x00000000d5e00000,0x00000000d5e6d200,0x00000000d5f00000)
  to   space 1024K, 0% used [0x00000000d5d00000,0x00000000d5d00000,0x00000000d5e00000)
 ParOldGen       total 893440K, used 241191K [0x0000000080000000, 0x00000000b6880000, 0x00000000d5580000)
  object space 893440K, 26% used [0x0000000080000000,0x000000008eb89f60,0x00000000b6880000)
 Metaspace       used 85969K, committed 87872K, reserved 1179648K
  class space    used 9086K, committed 9856K, reserved 1048576K
}
Event: 119.129 GC heap after
{Heap after GC invocations=1313 (full 4):
 PSYoungGen      total 8704K, used 1022K [0x00000000d5580000, 0x00000000d6500000, 0x0000000100000000)
  eden space 7680K, 0% used [0x00000000d5580000,0x00000000d5580000,0x00000000d5d00000)
  from space 1024K, 99% used [0x00000000d5d00000,0x00000000d5dff960,0x00000000d5e00000)
  to   space 4096K, 0% used [0x00000000d6100000,0x00000000d6100000,0x00000000d6500000)
 ParOldGen       total 893440K, used 243412K [0x0000000080000000, 0x00000000b6880000, 0x00000000d5580000)
  object space 893440K, 27% used [0x0000000080000000,0x000000008edb5160,0x00000000b6880000)
 Metaspace       used 85969K, committed 87872K, reserved 1179648K
  class space    used 9086K, committed 9856K, reserved 1048576K
}
Event: 119.263 GC heap before
{Heap before GC invocations=1314 (full 4):
 PSYoungGen      total 8704K, used 8702K [0x00000000d5580000, 0x00000000d6500000, 0x0000000100000000)
  eden space 7680K, 100% used [0x00000000d5580000,0x00000000d5d00000,0x00000000d5d00000)
  from space 1024K, 99% used [0x00000000d5d00000,0x00000000d5dff960,0x00000000d5e00000)
  to   space 4096K, 0% used [0x00000000d6100000,0x00000000d6100000,0x00000000d6500000)
 ParOldGen       total 893440K, used 243412K [0x0000000080000000, 0x00000000b6880000, 0x00000000d5580000)
  object space 893440K, 27% used [0x0000000080000000,0x000000008edb5160,0x00000000b6880000)
 Metaspace       used 86030K, committed 87936K, reserved 1179648K
  class space    used 9091K, committed 9856K, reserved 1048576K
}
Event: 119.264 GC heap after
{Heap after GC invocations=1314 (full 4):
 PSYoungGen      total 9216K, used 1336K [0x00000000d5580000, 0x00000000d6280000, 0x0000000100000000)
  eden space 7680K, 0% used [0x00000000d5580000,0x00000000d5580000,0x00000000d5d00000)
  from space 1536K, 87% used [0x00000000d6100000,0x00000000d624e260,0x00000000d6280000)
  to   space 2048K, 0% used [0x00000000d5e80000,0x00000000d5e80000,0x00000000d6080000)
 ParOldGen       total 893440K, used 243684K [0x0000000080000000, 0x00000000b6880000, 0x00000000d5580000)
  object space 893440K, 27% used [0x0000000080000000,0x000000008edf9160,0x00000000b6880000)
 Metaspace       used 86030K, committed 87936K, reserved 1179648K
  class space    used 9091K, committed 9856K, reserved 1048576K
}
Event: 121.654 GC heap before
{Heap before GC invocations=1315 (full 4):
 PSYoungGen      total 9216K, used 9016K [0x00000000d5580000, 0x00000000d6280000, 0x0000000100000000)
  eden space 7680K, 100% used [0x00000000d5580000,0x00000000d5d00000,0x00000000d5d00000)
  from space 1536K, 87% used [0x00000000d6100000,0x00000000d624e260,0x00000000d6280000)
  to   space 2048K, 0% used [0x00000000d5e80000,0x00000000d5e80000,0x00000000d6080000)
 ParOldGen       total 893440K, used 243684K [0x0000000080000000, 0x00000000b6880000, 0x00000000d5580000)
  object space 893440K, 27% used [0x0000000080000000,0x000000008edf9160,0x00000000b6880000)
 Metaspace       used 86043K, committed 87936K, reserved 1179648K
  class space    used 9091K, committed 9856K, reserved 1048576K
}
Event: 121.656 GC heap after
{Heap after GC invocations=1315 (full 4):
 PSYoungGen      total 9728K, used 244K [0x00000000d5580000, 0x00000000d6180000, 0x0000000100000000)
  eden space 7680K, 0% used [0x00000000d5580000,0x00000000d5580000,0x00000000d5d00000)
  from space 2048K, 11% used [0x00000000d5e80000,0x00000000d5ebd200,0x00000000d6080000)
  to   space 1024K, 0% used [0x00000000d6080000,0x00000000d6080000,0x00000000d6180000)
 ParOldGen       total 893440K, used 243772K [0x0000000080000000, 0x00000000b6880000, 0x00000000d5580000)
  object space 893440K, 27% used [0x0000000080000000,0x000000008ee0f160,0x00000000b6880000)
 Metaspace       used 86043K, committed 87936K, reserved 1179648K
  class space    used 9091K, committed 9856K, reserved 1048576K
}
Event: 121.702 GC heap before
{Heap before GC invocations=1316 (full 4):
 PSYoungGen      total 9728K, used 7614K [0x00000000d5580000, 0x00000000d6180000, 0x0000000100000000)
  eden space 7680K, 95% used [0x00000000d5580000,0x00000000d5cb2918,0x00000000d5d00000)
  from space 2048K, 11% used [0x00000000d5e80000,0x00000000d5ebd200,0x00000000d6080000)
  to   space 1024K, 0% used [0x00000000d6080000,0x00000000d6080000,0x00000000d6180000)
 ParOldGen       total 893440K, used 243772K [0x0000000080000000, 0x00000000b6880000, 0x00000000d5580000)
  object space 893440K, 27% used [0x0000000080000000,0x000000008ee0f160,0x00000000b6880000)
 Metaspace       used 86050K, committed 87936K, reserved 1179648K
  class space    used 9091K, committed 9856K, reserved 1048576K
}
Event: 121.703 GC heap after
{Heap after GC invocations=1316 (full 4):
 PSYoungGen      total 8192K, used 224K [0x00000000d5580000, 0x00000000d6100000, 0x0000000100000000)
  eden space 7680K, 0% used [0x00000000d5580000,0x00000000d5580000,0x00000000d5d00000)
  from space 512K, 43% used [0x00000000d6080000,0x00000000d60b8000,0x00000000d6100000)
  to   space 512K, 0% used [0x00000000d6000000,0x00000000d6000000,0x00000000d6080000)
 ParOldGen       total 893440K, used 243820K [0x0000000080000000, 0x00000000b6880000, 0x00000000d5580000)
  object space 893440K, 27% used [0x0000000080000000,0x000000008ee1b160,0x00000000b6880000)
 Metaspace       used 86050K, committed 87936K, reserved 1179648K
  class space    used 9091K, committed 9856K, reserved 1048576K
}
Event: 121.920 GC heap before
{Heap before GC invocations=1317 (full 4):
 PSYoungGen      total 8192K, used 7904K [0x00000000d5580000, 0x00000000d6100000, 0x0000000100000000)
  eden space 7680K, 100% used [0x00000000d5580000,0x00000000d5d00000,0x00000000d5d00000)
  from space 512K, 43% used [0x00000000d6080000,0x00000000d60b8000,0x00000000d6100000)
  to   space 512K, 0% used [0x00000000d6000000,0x00000000d6000000,0x00000000d6080000)
 ParOldGen       total 893440K, used 243820K [0x0000000080000000, 0x00000000b6880000, 0x00000000d5580000)
  object space 893440K, 27% used [0x0000000080000000,0x000000008ee1b160,0x00000000b6880000)
 Metaspace       used 86050K, committed 87936K, reserved 1179648K
  class space    used 9091K, committed 9856K, reserved 1048576K
}
Event: 121.921 GC heap after
{Heap after GC invocations=1317 (full 4):
 PSYoungGen      total 8192K, used 224K [0x00000000d5580000, 0x00000000d6100000, 0x0000000100000000)
  eden space 7680K, 0% used [0x00000000d5580000,0x00000000d5580000,0x00000000d5d00000)
  from space 512K, 43% used [0x00000000d6000000,0x00000000d6038000,0x00000000d6080000)
  to   space 512K, 0% used [0x00000000d6080000,0x00000000d6080000,0x00000000d6100000)
 ParOldGen       total 893440K, used 243964K [0x0000000080000000, 0x00000000b6880000, 0x00000000d5580000)
  object space 893440K, 27% used [0x0000000080000000,0x000000008ee3f160,0x00000000b6880000)
 Metaspace       used 86050K, committed 87936K, reserved 1179648K
  class space    used 9091K, committed 9856K, reserved 1048576K
}
Event: 1611.261 GC heap before
{Heap before GC invocations=1318 (full 4):
 PSYoungGen      total 8192K, used 7871K [0x00000000d5580000, 0x00000000d6100000, 0x0000000100000000)
  eden space 7680K, 99% used [0x00000000d5580000,0x00000000d5cf7fb0,0x00000000d5d00000)
  from space 512K, 43% used [0x00000000d6000000,0x00000000d6038000,0x00000000d6080000)
  to   space 512K, 0% used [0x00000000d6080000,0x00000000d6080000,0x00000000d6100000)
 ParOldGen       total 893440K, used 243964K [0x0000000080000000, 0x00000000b6880000, 0x00000000d5580000)
  object space 893440K, 27% used [0x0000000080000000,0x000000008ee3f160,0x00000000b6880000)
 Metaspace       used 86167K, committed 87936K, reserved 1179648K
  class space    used 9099K, committed 9856K, reserved 1048576K
}
Event: 1611.317 GC heap after
{Heap after GC invocations=1318 (full 4):
 PSYoungGen      total 8192K, used 505K [0x00000000d5580000, 0x00000000d6100000, 0x0000000100000000)
  eden space 7680K, 0% used [0x00000000d5580000,0x00000000d5580000,0x00000000d5d00000)
  from space 512K, 98% used [0x00000000d6080000,0x00000000d60fe698,0x00000000d6100000)
  to   space 1536K, 0% used [0x00000000d5e00000,0x00000000d5e00000,0x00000000d5f80000)
 ParOldGen       total 893440K, used 244650K [0x0000000080000000, 0x00000000b6880000, 0x00000000d5580000)
  object space 893440K, 27% used [0x0000000080000000,0x000000008eeea898,0x00000000b6880000)
 Metaspace       used 86167K, committed 87936K, reserved 1179648K
  class space    used 9099K, committed 9856K, reserved 1048576K
}
Event: 1611.561 GC heap before
{Heap before GC invocations=1319 (full 4):
 PSYoungGen      total 8192K, used 8185K [0x00000000d5580000, 0x00000000d6100000, 0x0000000100000000)
  eden space 7680K, 100% used [0x00000000d5580000,0x00000000d5d00000,0x00000000d5d00000)
  from space 512K, 98% used [0x00000000d6080000,0x00000000d60fe698,0x00000000d6100000)
  to   space 1536K, 0% used [0x00000000d5e00000,0x00000000d5e00000,0x00000000d5f80000)
 ParOldGen       total 893440K, used 244650K [0x0000000080000000, 0x00000000b6880000, 0x00000000d5580000)
  object space 893440K, 27% used [0x0000000080000000,0x000000008eeea898,0x00000000b6880000)
 Metaspace       used 86221K, committed 88064K, reserved 1179648K
  class space    used 9105K, committed 9920K, reserved 1048576K
}
Event: 1611.575 GC heap after
{Heap after GC invocations=1319 (full 4):
 PSYoungGen      total 9216K, used 1528K [0x00000000d5580000, 0x00000000d6c00000, 0x0000000100000000)
  eden space 7680K, 0% used [0x00000000d5580000,0x00000000d5580000,0x00000000d5d00000)
  from space 1536K, 99% used [0x00000000d5e00000,0x00000000d5f7e140,0x00000000d5f80000)
  to   space 7680K, 0% used [0x00000000d6480000,0x00000000d6480000,0x00000000d6c00000)
 ParOldGen       total 893440K, used 249539K [0x0000000080000000, 0x00000000b6880000, 0x00000000d5580000)
  object space 893440K, 27% used [0x0000000080000000,0x000000008f3b0d60,0x00000000b6880000)
 Metaspace       used 86221K, committed 88064K, reserved 1179648K
  class space    used 9105K, committed 9920K, reserved 1048576K
}
Event: 1612.295 GC heap before
{Heap before GC invocations=1320 (full 4):
 PSYoungGen      total 9216K, used 9208K [0x00000000d5580000, 0x00000000d6c00000, 0x0000000100000000)
  eden space 7680K, 100% used [0x00000000d5580000,0x00000000d5d00000,0x00000000d5d00000)
  from space 1536K, 99% used [0x00000000d5e00000,0x00000000d5f7e140,0x00000000d5f80000)
  to   space 7680K, 0% used [0x00000000d6480000,0x00000000d6480000,0x00000000d6c00000)
 ParOldGen       total 893440K, used 249539K [0x0000000080000000, 0x00000000b6880000, 0x00000000d5580000)
  object space 893440K, 27% used [0x0000000080000000,0x000000008f3b0d60,0x00000000b6880000)
 Metaspace       used 86532K, committed 88384K, reserved 1179648K
  class space    used 9148K, committed 9920K, reserved 1048576K
}
Event: 1612.298 GC heap after
{Heap after GC invocations=1320 (full 4):
 PSYoungGen      total 9216K, used 1392K [0x00000000d5580000, 0x00000000d6600000, 0x0000000100000000)
  eden space 7680K, 0% used [0x00000000d5580000,0x00000000d5580000,0x00000000d5d00000)
  from space 1536K, 90% used [0x00000000d6480000,0x00000000d65dc010,0x00000000d6600000)
  to   space 3584K, 0% used [0x00000000d5f00000,0x00000000d5f00000,0x00000000d6280000)
 ParOldGen       total 893440K, used 249649K [0x0000000080000000, 0x00000000b6880000, 0x00000000d5580000)
  object space 893440K, 27% used [0x0000000080000000,0x000000008f3cc790,0x00000000b6880000)
 Metaspace       used 86532K, committed 88384K, reserved 1179648K
  class space    used 9148K, committed 9920K, reserved 1048576K
}
Event: 5342.334 GC heap before
{Heap before GC invocations=1321 (full 4):
 PSYoungGen      total 9216K, used 9072K [0x00000000d5580000, 0x00000000d6600000, 0x0000000100000000)
  eden space 7680K, 100% used [0x00000000d5580000,0x00000000d5d00000,0x00000000d5d00000)
  from space 1536K, 90% used [0x00000000d6480000,0x00000000d65dc010,0x00000000d6600000)
  to   space 3584K, 0% used [0x00000000d5f00000,0x00000000d5f00000,0x00000000d6280000)
 ParOldGen       total 893440K, used 249649K [0x0000000080000000, 0x00000000b6880000, 0x00000000d5580000)
  object space 893440K, 27% used [0x0000000080000000,0x000000008f3cc790,0x00000000b6880000)
 Metaspace       used 86578K, committed 88448K, reserved 1179648K
  class space    used 9149K, committed 9920K, reserved 1048576K
}
Event: 5342.415 GC heap after
{Heap after GC invocations=1321 (full 4):
 PSYoungGen      total 11264K, used 400K [0x00000000d5580000, 0x00000000d6500000, 0x0000000100000000)
  eden space 7680K, 0% used [0x00000000d5580000,0x00000000d5580000,0x00000000d5d00000)
  from space 3584K, 11% used [0x00000000d5f00000,0x00000000d5f64030,0x00000000d6280000)
  to   space 1536K, 0% used [0x00000000d6380000,0x00000000d6380000,0x00000000d6500000)
 ParOldGen       total 893440K, used 250809K [0x0000000080000000, 0x00000000b6880000, 0x00000000d5580000)
  object space 893440K, 28% used [0x0000000080000000,0x000000008f4ee7b0,0x00000000b6880000)
 Metaspace       used 86578K, committed 88448K, reserved 1179648K
  class space    used 9149K, committed 9920K, reserved 1048576K
}

